<?xml version="1.0" encoding="UTF-8"?>
<testng-results total="3" passed="2" failed="1" skipped="0">
  <reporter-output>
  </reporter-output>
  <suite started-at="2022-09-10T12:00:29Z" name="Suite" finished-at="2022-09-10T12:01:40Z" duration-ms="71206">
    <groups>
    </groups>
    <test started-at="2022-09-10T12:00:29Z" name="Test" finished-at="2022-09-10T12:01:40Z" duration-ms="71206">
      <class name="testngImplementation.Campaign">
        <test-method is-config="true" signature="configBC()[pri:0, instance:testngImplementation.Campaign@3b7d3a38]" started-at="2022-09-10T17:30:29Z" name="configBC" finished-at="2022-09-10T17:30:36Z" duration-ms="6255" status="PASS">
          <reporter-output>
          </reporter-output>
        </test-method> <!-- configBC -->
        <test-method is-config="true" signature="BeforeMethod()[pri:0, instance:testngImplementation.Campaign@3b7d3a38]" started-at="2022-09-10T17:30:36Z" name="BeforeMethod" finished-at="2022-09-10T17:30:39Z" duration-ms="3094" status="PASS">
          <reporter-output>
          </reporter-output>
        </test-method> <!-- BeforeMethod -->
        <test-method signature="campaignmodule_Test()[pri:0, instance:testngImplementation.Campaign@3b7d3a38]" started-at="2022-09-10T17:30:39Z" name="campaignmodule_Test" finished-at="2022-09-10T17:30:49Z" duration-ms="9799" status="PASS">
          <reporter-output>
          </reporter-output>
        </test-method> <!-- campaignmodule_Test -->
        <test-method is-config="true" signature="AfterMethod()[pri:0, instance:testngImplementation.Campaign@3b7d3a38]" started-at="2022-09-10T17:30:49Z" name="AfterMethod" finished-at="2022-09-10T17:30:50Z" duration-ms="1734" status="PASS">
          <reporter-output>
          </reporter-output>
        </test-method> <!-- AfterMethod -->
        <test-method is-config="true" signature="BeforeMethod()[pri:0, instance:testngImplementation.Campaign@3b7d3a38]" started-at="2022-09-10T17:30:50Z" name="BeforeMethod" finished-at="2022-09-10T17:30:55Z" duration-ms="4298" status="PASS">
          <reporter-output>
          </reporter-output>
        </test-method> <!-- BeforeMethod -->
        <test-method signature="createcampaignwithProduct_test()[pri:0, instance:testngImplementation.Campaign@3b7d3a38]" started-at="2022-09-10T17:30:55Z" name="createcampaignwithProduct_test" finished-at="2022-09-10T17:31:22Z" duration-ms="27087" status="FAIL">
          <exception class="java.lang.AssertionError">
            <message>
              <![CDATA[null]]>
            </message>
            <full-stacktrace>
              <![CDATA[java.lang.AssertionError: null
	at org.testng.Assert.fail(Assert.java:94)
	at org.testng.Assert.fail(Assert.java:101)
	at testngImplementation.Campaign.createcampaignwithProduct_test(Campaign.java:130)
	at java.base/jdk.internal.reflect.NativeMethodAccessorImpl.invoke0(Native Method)
	at java.base/jdk.internal.reflect.NativeMethodAccessorImpl.invoke(NativeMethodAccessorImpl.java:78)
	at java.base/jdk.internal.reflect.DelegatingMethodAccessorImpl.invoke(DelegatingMethodAccessorImpl.java:43)
	at java.base/java.lang.reflect.Method.invoke(Method.java:567)
	at org.testng.internal.MethodInvocationHelper.invokeMethod(MethodInvocationHelper.java:85)
	at org.testng.internal.Invoker.invokeMethod(Invoker.java:639)
	at org.testng.internal.Invoker.invokeTestMethod(Invoker.java:816)
	at org.testng.internal.Invoker.invokeTestMethods(Invoker.java:1124)
	at org.testng.internal.TestMethodWorker.invokeTestMethods(TestMethodWorker.java:125)
	at org.testng.internal.TestMethodWorker.run(TestMethodWorker.java:108)
	at org.testng.TestRunner.privateRun(TestRunner.java:774)
	at org.testng.TestRunner.run(TestRunner.java:624)
	at org.testng.SuiteRunner.runTest(SuiteRunner.java:359)
	at org.testng.SuiteRunner.runSequentially(SuiteRunner.java:354)
	at org.testng.SuiteRunner.privateRun(SuiteRunner.java:312)
	at org.testng.SuiteRunner.run(SuiteRunner.java:261)
	at org.testng.SuiteRunnerWorker.runSuite(SuiteRunnerWorker.java:52)
	at org.testng.SuiteRunnerWorker.run(SuiteRunnerWorker.java:86)
	at org.testng.TestNG.runSuitesSequentially(TestNG.java:1191)
	at org.testng.TestNG.runSuitesLocally(TestNG.java:1116)
	at org.testng.TestNG.run(TestNG.java:1024)
	at org.testng.remote.AbstractRemoteTestNG.run(AbstractRemoteTestNG.java:115)
	at org.testng.remote.RemoteTestNG.initAndRun(RemoteTestNG.java:251)
	at org.testng.remote.RemoteTestNG.main(RemoteTestNG.java:77)
]]>
            </full-stacktrace>
          </exception> <!-- java.lang.AssertionError -->
          <reporter-output>
          </reporter-output>
        </test-method> <!-- createcampaignwithProduct_test -->
        <test-method is-config="true" signature="AfterMethod()[pri:0, instance:testngImplementation.Campaign@3b7d3a38]" started-at="2022-09-10T17:31:22Z" name="AfterMethod" finished-at="2022-09-10T17:31:24Z" duration-ms="1622" status="PASS">
          <reporter-output>
          </reporter-output>
        </test-method> <!-- AfterMethod -->
        <test-method is-config="true" signature="AfterClass()[pri:0, instance:testngImplementation.Campaign@3b7d3a38]" started-at="2022-09-10T17:31:24Z" name="AfterClass" finished-at="2022-09-10T17:31:24Z" duration-ms="317" status="PASS">
          <reporter-output>
          </reporter-output>
        </test-method> <!-- AfterClass -->
        <test-method is-config="true" signature="AfterSuite()[pri:0, instance:testngImplementation.Campaign@3b7d3a38]" started-at="2022-09-10T17:31:41Z" name="AfterSuite" finished-at="2022-09-10T17:31:41Z" duration-ms="1" status="PASS">
          <reporter-output>
          </reporter-output>
        </test-method> <!-- AfterSuite -->
      </class> <!-- testngImplementation.Campaign -->
      <class name="testngImplementation.Products">
        <test-method is-config="true" signature="configBC()[pri:0, instance:testngImplementation.Products@416c58f5]" started-at="2022-09-10T17:31:24Z" name="configBC" finished-at="2022-09-10T17:31:26Z" duration-ms="2247" status="PASS">
          <reporter-output>
          </reporter-output>
        </test-method> <!-- configBC -->
        <test-method is-config="true" signature="BeforeMethod()[pri:0, instance:testngImplementation.Products@416c58f5]" started-at="2022-09-10T17:31:26Z" name="BeforeMethod" finished-at="2022-09-10T17:31:29Z" duration-ms="2863" status="PASS">
          <reporter-output>
          </reporter-output>
        </test-method> <!-- BeforeMethod -->
        <test-method signature="products_test()[pri:0, instance:testngImplementation.Products@416c58f5]" started-at="2022-09-10T17:31:29Z" name="products_test" finished-at="2022-09-10T17:31:38Z" duration-ms="9483" status="PASS">
          <reporter-output>
          </reporter-output>
        </test-method> <!-- products_test -->
        <test-method is-config="true" signature="AfterMethod()[pri:0, instance:testngImplementation.Products@416c58f5]" started-at="2022-09-10T17:31:38Z" name="AfterMethod" finished-at="2022-09-10T17:31:40Z" duration-ms="1373" status="PASS">
          <reporter-output>
          </reporter-output>
        </test-method> <!-- AfterMethod -->
        <test-method is-config="true" signature="AfterClass()[pri:0, instance:testngImplementation.Products@416c58f5]" started-at="2022-09-10T17:31:40Z" name="AfterClass" finished-at="2022-09-10T17:31:40Z" duration-ms="258" status="PASS">
          <reporter-output>
          </reporter-output>
        </test-method> <!-- AfterClass -->
      </class> <!-- testngImplementation.Products -->
    </test> <!-- Test -->
  </suite> <!-- Suite -->
</testng-results>
